{"C:\\Users\\Circo do Seuleo\\Documents\\projects\\DNC\\dnc-ts-jest-OO\\src\\libs\\sum.ts": {"path":"C:\\Users\\Circo do Seuleo\\Documents\\projects\\DNC\\dnc-ts-jest-OO\\src\\libs\\sum.ts","all":false,"statementMap":{"0":{"start":{"line":1,"column":0},"end":{"line":1,"column":43}},"1":{"start":{"line":2,"column":0},"end":{"line":2,"column":17}},"2":{"start":{"line":3,"column":0},"end":{"line":3,"column":3}},"3":{"start":{"line":4,"column":0},"end":{"line":4,"column":43}},"4":{"start":{"line":5,"column":0},"end":{"line":5,"column":17}},"5":{"start":{"line":6,"column":0},"end":{"line":6,"column":3}}},"s":{"0":1,"1":1,"2":1,"3":1,"4":1,"5":1},"branchMap":{"0":{"type":"branch","line":1,"loc":{"start":{"line":1,"column":19},"end":{"line":3,"column":3}},"locations":[{"start":{"line":1,"column":19},"end":{"line":3,"column":3}}]},"1":{"type":"branch","line":4,"loc":{"start":{"line":4,"column":19},"end":{"line":6,"column":3}},"locations":[{"start":{"line":4,"column":19},"end":{"line":6,"column":3}}]}},"b":{"0":[1],"1":[1]},"fnMap":{"0":{"name":"sum","decl":{"start":{"line":1,"column":19},"end":{"line":3,"column":3}},"loc":{"start":{"line":1,"column":19},"end":{"line":3,"column":3}},"line":1},"1":{"name":"sub","decl":{"start":{"line":4,"column":19},"end":{"line":6,"column":3}},"loc":{"start":{"line":4,"column":19},"end":{"line":6,"column":3}},"line":4}},"f":{"0":1,"1":1}}
}
