{"C:\\Users\\Circo do Seuleo\\Documents\\projects\\DNC\\dnc-ts-jest-OO\\src\\config\\knex.ts": {"path":"C:\\Users\\Circo do Seuleo\\Documents\\projects\\DNC\\dnc-ts-jest-OO\\src\\config\\knex.ts","all":false,"statementMap":{"0":{"start":{"line":1,"column":0},"end":{"line":1,"column":16}},"1":{"start":{"line":2,"column":0},"end":{"line":2,"column":19}},"2":{"start":{"line":3,"column":0},"end":{"line":3,"column":15}},"3":{"start":{"line":4,"column":0},"end":{"line":4,"column":38}},"4":{"start":{"line":5,"column":0},"end":{"line":5,"column":15}},"5":{"start":{"line":6,"column":0},"end":{"line":6,"column":32}},"6":{"start":{"line":7,"column":0},"end":{"line":7,"column":43}},"7":{"start":{"line":8,"column":0},"end":{"line":8,"column":41}},"8":{"start":{"line":9,"column":0},"end":{"line":9,"column":4}},"9":{"start":{"line":10,"column":0},"end":{"line":10,"column":2}},"10":{"start":{"line":11,"column":0},"end":{"line":11,"column":16}}},"s":{"0":1,"1":1,"2":1,"3":1,"4":1,"5":1,"6":1,"7":1,"8":1,"9":1,"10":1},"branchMap":{},"b":{},"fnMap":{},"f":{}}
,"C:\\Users\\Circo do Seuleo\\Documents\\projects\\DNC\\dnc-ts-jest-OO\\src\\libs\\nomes.ts": {"path":"C:\\Users\\Circo do Seuleo\\Documents\\projects\\DNC\\dnc-ts-jest-OO\\src\\libs\\nomes.ts","all":false,"statementMap":{"0":{"start":{"line":1,"column":0},"end":{"line":1,"column":44}},"1":{"start":{"line":2,"column":0},"end":{"line":2,"column":0}},"2":{"start":{"line":3,"column":0},"end":{"line":3,"column":53}},"3":{"start":{"line":4,"column":0},"end":{"line":4,"column":27}},"4":{"start":{"line":5,"column":0},"end":{"line":5,"column":29}},"5":{"start":{"line":6,"column":0},"end":{"line":6,"column":1}},"6":{"start":{"line":7,"column":0},"end":{"line":7,"column":1}}},"s":{"0":1,"1":1,"2":1,"3":0,"4":0,"5":0,"6":0},"branchMap":{},"b":{},"fnMap":{"0":{"name":"descobrirNomes","decl":{"start":{"line":3,"column":30},"end":{"line":7,"column":1}},"loc":{"start":{"line":3,"column":30},"end":{"line":7,"column":1}},"line":3}},"f":{"0":0}}
,"C:\\Users\\Circo do Seuleo\\Documents\\projects\\DNC\\dnc-ts-jest-OO\\src\\libs\\sub.ts": {"path":"C:\\Users\\Circo do Seuleo\\Documents\\projects\\DNC\\dnc-ts-jest-OO\\src\\libs\\sub.ts","all":false,"statementMap":{"0":{"start":{"line":1,"column":0},"end":{"line":1,"column":43}},"1":{"start":{"line":2,"column":0},"end":{"line":2,"column":17}},"2":{"start":{"line":3,"column":0},"end":{"line":3,"column":3}}},"s":{"0":1,"1":0,"2":0},"branchMap":{},"b":{},"fnMap":{"0":{"name":"sub","decl":{"start":{"line":1,"column":19},"end":{"line":3,"column":3}},"loc":{"start":{"line":1,"column":19},"end":{"line":3,"column":3}},"line":1}},"f":{"0":0}}
,"C:\\Users\\Circo do Seuleo\\Documents\\projects\\DNC\\dnc-ts-jest-OO\\src\\libs\\sum.ts": {"path":"C:\\Users\\Circo do Seuleo\\Documents\\projects\\DNC\\dnc-ts-jest-OO\\src\\libs\\sum.ts","all":false,"statementMap":{"0":{"start":{"line":1,"column":0},"end":{"line":1,"column":43}},"1":{"start":{"line":2,"column":0},"end":{"line":2,"column":17}},"2":{"start":{"line":3,"column":0},"end":{"line":3,"column":3}}},"s":{"0":1,"1":0,"2":0},"branchMap":{},"b":{},"fnMap":{"0":{"name":"sum","decl":{"start":{"line":1,"column":19},"end":{"line":3,"column":3}},"loc":{"start":{"line":1,"column":19},"end":{"line":3,"column":3}},"line":1}},"f":{"0":0}}
,"C:\\Users\\Circo do Seuleo\\Documents\\projects\\DNC\\dnc-ts-jest-OO\\src\\libs\\tratamentos.ts": {"path":"C:\\Users\\Circo do Seuleo\\Documents\\projects\\DNC\\dnc-ts-jest-OO\\src\\libs\\tratamentos.ts","all":false,"statementMap":{"0":{"start":{"line":1,"column":0},"end":{"line":1,"column":47}},"1":{"start":{"line":2,"column":0},"end":{"line":2,"column":22}},"2":{"start":{"line":3,"column":0},"end":{"line":3,"column":1}}},"s":{"0":1,"1":0,"2":0},"branchMap":{},"b":{},"fnMap":{"0":{"name":"ultimoValor","decl":{"start":{"line":1,"column":27},"end":{"line":3,"column":1}},"loc":{"start":{"line":1,"column":27},"end":{"line":3,"column":1}},"line":1}},"f":{"0":0}}
,"C:\\Users\\Circo do Seuleo\\Documents\\projects\\DNC\\dnc-ts-jest-OO\\src\\module\\produto\\produto.model.ts": {"path":"C:\\Users\\Circo do Seuleo\\Documents\\projects\\DNC\\dnc-ts-jest-OO\\src\\module\\produto\\produto.model.ts","all":false,"statementMap":{"0":{"start":{"line":1,"column":0},"end":{"line":1,"column":28}},"1":{"start":{"line":2,"column":0},"end":{"line":2,"column":49}},"2":{"start":{"line":3,"column":0},"end":{"line":3,"column":0}},"3":{"start":{"line":4,"column":0},"end":{"line":4,"column":22}},"4":{"start":{"line":5,"column":0},"end":{"line":5,"column":18}},"5":{"start":{"line":6,"column":0},"end":{"line":6,"column":0}},"6":{"start":{"line":7,"column":0},"end":{"line":7,"column":41}},"7":{"start":{"line":8,"column":0},"end":{"line":8,"column":40}},"8":{"start":{"line":9,"column":0},"end":{"line":9,"column":3}},"9":{"start":{"line":10,"column":0},"end":{"line":10,"column":0}},"10":{"start":{"line":11,"column":0},"end":{"line":11,"column":24}},"11":{"start":{"line":12,"column":0},"end":{"line":12,"column":40}},"12":{"start":{"line":13,"column":0},"end":{"line":13,"column":4}},"13":{"start":{"line":14,"column":0},"end":{"line":14,"column":0}},"14":{"start":{"line":15,"column":0},"end":{"line":15,"column":34}},"15":{"start":{"line":16,"column":0},"end":{"line":16,"column":46}},"16":{"start":{"line":17,"column":0},"end":{"line":17,"column":4}},"17":{"start":{"line":18,"column":0},"end":{"line":18,"column":1}}},"s":{"0":1,"1":1,"2":1,"3":1,"4":1,"5":1,"6":1,"7":1,"8":1,"9":1,"10":1,"11":1,"12":1,"13":1,"14":1,"15":0,"16":0,"17":1},"branchMap":{"0":{"type":"branch","line":4,"loc":{"start":{"line":4,"column":0},"end":{"line":18,"column":1}},"locations":[{"start":{"line":4,"column":0},"end":{"line":18,"column":1}}]},"1":{"type":"branch","line":7,"loc":{"start":{"line":7,"column":2},"end":{"line":9,"column":3}},"locations":[{"start":{"line":7,"column":2},"end":{"line":9,"column":3}}]},"2":{"type":"branch","line":11,"loc":{"start":{"line":11,"column":11},"end":{"line":13,"column":4}},"locations":[{"start":{"line":11,"column":11},"end":{"line":13,"column":4}}]},"3":{"type":"branch","line":11,"loc":{"start":{"line":11,"column":11},"end":{"line":13,"column":4}},"locations":[{"start":{"line":11,"column":11},"end":{"line":13,"column":4}}]}},"b":{"0":[1],"1":[1],"2":[1],"3":[1]},"fnMap":{"0":{"name":"Produto","decl":{"start":{"line":7,"column":2},"end":{"line":9,"column":3}},"loc":{"start":{"line":7,"column":2},"end":{"line":9,"column":3}},"line":7},"1":{"name":"Produto.getAll","decl":{"start":{"line":11,"column":11},"end":{"line":13,"column":4}},"loc":{"start":{"line":11,"column":11},"end":{"line":13,"column":4}},"line":11},"2":{"name":"Produto.store","decl":{"start":{"line":15,"column":10},"end":{"line":17,"column":4}},"loc":{"start":{"line":15,"column":10},"end":{"line":17,"column":4}},"line":15}},"f":{"0":1,"1":1,"2":0}}
,"C:\\Users\\Circo do Seuleo\\Documents\\projects\\DNC\\dnc-ts-jest-OO\\src\\service\\knex.ts": {"path":"C:\\Users\\Circo do Seuleo\\Documents\\projects\\DNC\\dnc-ts-jest-OO\\src\\service\\knex.ts","all":false,"statementMap":{"0":{"start":{"line":1,"column":0},"end":{"line":1,"column":34}},"1":{"start":{"line":2,"column":0},"end":{"line":2,"column":40}},"2":{"start":{"line":3,"column":0},"end":{"line":3,"column":0}},"3":{"start":{"line":4,"column":0},"end":{"line":4,"column":26}},"4":{"start":{"line":5,"column":0},"end":{"line":5,"column":28}},"5":{"start":{"line":6,"column":0},"end":{"line":6,"column":0}},"6":{"start":{"line":7,"column":0},"end":{"line":7,"column":24}},"7":{"start":{"line":8,"column":0},"end":{"line":8,"column":28}},"8":{"start":{"line":9,"column":0},"end":{"line":9,"column":42}},"9":{"start":{"line":10,"column":0},"end":{"line":10,"column":5}},"10":{"start":{"line":11,"column":0},"end":{"line":11,"column":28}},"11":{"start":{"line":12,"column":0},"end":{"line":12,"column":3}},"12":{"start":{"line":13,"column":0},"end":{"line":13,"column":1}}},"s":{"0":1,"1":1,"2":1,"3":1,"4":1,"5":1,"6":1,"7":1,"8":1,"9":1,"10":1,"11":1,"12":1},"branchMap":{"0":{"type":"branch","line":4,"loc":{"start":{"line":4,"column":0},"end":{"line":13,"column":1}},"locations":[{"start":{"line":4,"column":0},"end":{"line":13,"column":1}}]},"1":{"type":"branch","line":4,"loc":{"start":{"line":4,"column":0},"end":{"line":13,"column":1}},"locations":[{"start":{"line":4,"column":0},"end":{"line":13,"column":1}}]},"2":{"type":"branch","line":7,"loc":{"start":{"line":7,"column":17},"end":{"line":12,"column":3}},"locations":[{"start":{"line":7,"column":17},"end":{"line":12,"column":3}}]}},"b":{"0":[1],"1":[1],"2":[1]},"fnMap":{"0":{"name":"KnexService","decl":{"start":{"line":4,"column":0},"end":{"line":13,"column":1}},"loc":{"start":{"line":4,"column":0},"end":{"line":13,"column":1}},"line":4},"1":{"name":"KnexService.obterConexao","decl":{"start":{"line":7,"column":17},"end":{"line":12,"column":3}},"loc":{"start":{"line":7,"column":17},"end":{"line":12,"column":3}},"line":7}},"f":{"0":1,"1":1}}
}
