TN:
SF:src\config\knex.ts
FNF:0
FNH:0
DA:1,1
DA:2,1
DA:3,1
DA:4,1
DA:5,1
DA:6,1
DA:7,1
DA:8,1
DA:9,1
DA:10,1
DA:11,1
LF:11
LH:11
BRF:0
BRH:0
end_of_record
TN:
SF:src\libs\nomes.ts
FN:3,descobrirNomes
FNF:1
FNH:1
FNDA:1,descobrirNomes
DA:1,1
DA:2,1
DA:3,1
DA:4,1
DA:5,1
DA:6,1
DA:7,1
LF:7
LH:7
BRDA:3,0,0,1
BRF:1
BRH:1
end_of_record
TN:
SF:src\libs\sub.ts
FN:1,sub
FNF:1
FNH:1
FNDA:2,sub
DA:1,1
DA:2,2
DA:3,2
LF:3
LH:3
BRDA:1,0,0,2
BRF:1
BRH:1
end_of_record
TN:
SF:src\libs\sum.ts
FN:1,sum
FNF:1
FNH:1
FNDA:1,sum
DA:1,1
DA:2,1
DA:3,1
LF:3
LH:3
BRDA:1,0,0,1
BRF:1
BRH:1
end_of_record
TN:
SF:src\libs\tratamentos.ts
FN:1,ultimoValor
FNF:1
FNH:1
FNDA:2,ultimoValor
DA:1,1
DA:2,2
DA:3,2
LF:3
LH:3
BRDA:1,0,0,2
BRF:1
BRH:1
end_of_record
TN:
SF:src\module\produto\produto.model.ts
FN:7,Produto
FN:11,Produto.getAll
FN:15,Produto.store
FNF:3
FNH:2
FNDA:1,Produto
FNDA:1,Produto.getAll
FNDA:0,Produto.store
DA:1,1
DA:2,1
DA:3,1
DA:4,1
DA:5,1
DA:6,1
DA:7,1
DA:8,1
DA:9,1
DA:10,1
DA:11,1
DA:12,1
DA:13,1
DA:14,1
DA:15,1
DA:16,0
DA:17,0
DA:18,1
LF:18
LH:16
BRDA:4,0,0,1
BRDA:7,1,0,1
BRDA:11,2,0,1
BRDA:11,3,0,1
BRF:4
BRH:4
end_of_record
TN:
SF:src\service\knex.ts
FN:4,KnexService
FN:7,KnexService.obterConexao
FNF:2
FNH:2
FNDA:1,KnexService
FNDA:1,KnexService.obterConexao
DA:1,1
DA:2,1
DA:3,1
DA:4,1
DA:5,1
DA:6,1
DA:7,1
DA:8,1
DA:9,1
DA:10,1
DA:11,1
DA:12,1
DA:13,1
LF:13
LH:13
BRDA:4,0,0,1
BRDA:4,1,0,1
BRDA:7,2,0,1
BRF:3
BRH:3
end_of_record
